[2025-11-16T18:01:29.345Z] POST /api/auth/login 200 - 256ms
[2025-11-16T18:01:29.646Z] GET /api/admin/users 200 - 114ms
[2025-11-16T18:01:29.681Z] GET /api/admin/users 304 - 29ms
[2025-11-16T18:01:29.717Z] GET /api/admin/stats 200 - 214ms
[2025-11-16T18:01:29.788Z] GET /api/admin/stats 200 - 66ms
[2025-11-16T18:02:11.847Z] GET /api/admin/logs 200 - 21ms
[2025-11-16T18:02:32.378Z] PATCH /api/admin/users/69199fad6592247f4feacb68/active 200 - 62ms
[2025-11-16T18:02:35.285Z] PATCH /api/admin/users/69199fad6592247f4feacb68/active 200 - 12ms
[2025-11-16T18:13:12.161Z] POST /api/auth/login 403 - 249ms
[2025-11-16T18:13:39.414Z] POST /api/auth/login 400 - 6ms
[2025-11-16T18:21:45.864Z] POST /api/auth/login 403 - 935ms
[2025-11-16T18:28:16.427Z] POST /api/auth/login 200 - 835ms
[2025-11-16T18:28:16.833Z] GET /api/admin/users 200 - 164ms
[2025-11-16T18:28:16.876Z] GET /api/admin/users 304 - 32ms
[2025-11-16T18:28:16.883Z] GET /api/admin/stats 200 - 191ms
[2025-11-16T18:28:16.941Z] GET /api/admin/stats 304 - 55ms
[2025-11-17T12:30:10.128Z] POST /api/auth/login 200 - 225ms
[2025-11-17T12:30:10.292Z] GET /api/donors/me/nearby-requests 200 - 84ms
[2025-11-17T12:30:10.300Z] GET /api/requests/mine 200 - 81ms
[2025-11-17T12:30:10.342Z] GET /api/donors/me/nearby-requests 304 - 40ms
[2025-11-17T12:30:10.349Z] GET /api/requests/mine 304 - 40ms
[2025-11-17T12:30:13.642Z] GET /api/donors/me/profile 200 - 8ms
[2025-11-17T12:30:13.654Z] GET /api/donors/me/profile 304 - 9ms
[2025-11-17T12:30:52.197Z] POST /api/donors/me/profile-picture 500 - 28ms
[2025-11-17T12:54:10.920Z] GET /api/donors/me/profile 304 - 54ms
[2025-11-17T12:54:10.940Z] GET /api/donors/me/profile 304 - 13ms
[2025-11-17T12:54:22.183Z] POST /api/donors/me/profile-picture 500 - 88ms
[2025-11-17T12:55:41.174Z] POST /api/donors/me/profile-picture 500 - 31ms
[2025-11-17T14:47:05.438Z] GET /api/donors/me/profile 200 - 34ms
[2025-11-17T14:47:05.459Z] GET /api/donors/me/profile 304 - 18ms
[2025-11-17T14:47:09.512Z] GET /api/auth/me 200 - 41ms
[2025-11-17T14:47:09.558Z] GET /api/donors/me/nearby-requests 200 - 117ms
[2025-11-17T14:47:09.574Z] GET /api/auth/me 304 - 33ms
[2025-11-17T14:47:09.569Z] GET /api/requests/mine 304 - 115ms
[2025-11-17T14:47:09.629Z] GET /api/donors/me/nearby-requests 304 - 52ms
[2025-11-17T14:47:09.641Z] GET /api/requests/mine 304 - 52ms
[2025-11-17T14:47:13.486Z] POST /api/requests/691a0d6c622ed06fee95c6fd/pledge 200 - 59ms
[2025-11-17T14:47:15.726Z] GET /api/auth/me 304 - 34ms
[2025-11-17T14:47:15.765Z] GET /api/donors/me/nearby-requests 304 - 99ms
[2025-11-17T14:47:15.784Z] GET /api/requests/mine 304 - 104ms
[2025-11-17T14:47:16.942Z] PATCH /api/donors/me/location 200 - 115ms
[2025-11-17T14:47:27.285Z] PATCH /api/donors/me/location 200 - 53ms
[2025-11-17T14:47:43.846Z] PATCH /api/donors/me/location 200 - 63ms
[2025-11-17T14:48:04.530Z] PATCH /api/donors/me/location 200 - 42ms
[2025-11-17T14:48:21.067Z] PATCH /api/donors/me/location 200 - 52ms
[2025-11-17T14:48:36.252Z] PATCH /api/donors/me/location 200 - 24ms
[2025-11-17T14:48:43.474Z] POST /api/requests/691a0d6c622ed06fee95c6fd/pledge 400 - 52ms
[2025-11-17T14:48:53.347Z] POST /api/auth/login 200 - 230ms
[2025-11-17T14:48:53.495Z] GET /api/auth/me 200 - 18ms
[2025-11-17T14:48:53.509Z] GET /api/donors/me/nearby-requests 304 - 66ms
[2025-11-17T14:48:53.525Z] GET /api/requests/mine 304 - 63ms
[2025-11-17T14:48:53.541Z] GET /api/auth/me 304 - 28ms
[2025-11-17T14:48:53.583Z] GET /api/donors/me/nearby-requests 304 - 50ms
[2025-11-17T14:48:53.588Z] GET /api/requests/mine 304 - 39ms
[2025-11-17T14:49:06.636Z] POST /api/auth/login 200 - 216ms
[2025-11-17T14:49:06.861Z] GET /api/requests/mine 200 - 117ms
[2025-11-17T14:49:07.004Z] GET /api/requests/mine 304 - 141ms
[2025-11-17T14:49:14.739Z] PATCH /api/admin/hospital/location 200 - 68ms
[2025-11-17T14:49:17.979Z] PATCH /api/admin/hospital/location 200 - 12ms
[2025-11-17T14:49:29.062Z] PATCH /api/admin/hospital/location 200 - 9ms
[2025-11-17T14:49:39.730Z] PATCH /api/admin/hospital/location 200 - 8ms
[2025-11-17T14:50:10.244Z] POST /api/auth/login 400 - 778ms
[2025-11-17T14:50:38.984Z] POST /api/auth/login 200 - 786ms
[2025-11-17T14:50:39.205Z] GET /api/admin/users 200 - 69ms
[2025-11-17T14:50:39.236Z] GET /api/admin/stats 200 - 119ms
[2025-11-17T14:50:39.273Z] GET /api/admin/users 304 - 51ms
[2025-11-17T14:50:39.342Z] GET /api/admin/stats 200 - 91ms
[2025-11-17T14:51:17.035Z] POST /api/auth/login 200 - 832ms
[2025-11-17T14:51:17.211Z] GET /api/admin/users 304 - 69ms
[2025-11-17T14:51:17.232Z] GET /api/admin/stats 304 - 101ms
[2025-11-17T14:51:17.250Z] GET /api/admin/users 304 - 30ms
[2025-11-17T14:51:17.318Z] GET /api/admin/stats 200 - 59ms
[2025-11-17T15:15:08.512Z] POST /api/auth/login 200 - 253ms
[2025-11-17T15:15:28.745Z] POST /api/auth/login 200 - 199ms
[2025-11-17T15:15:45.418Z] POST /api/auth/login 200 - 249ms
[2025-11-17T15:16:10.195Z] POST /api/auth/login 200 - 236ms
[2025-11-17T15:16:10.364Z] GET /api/auth/me 304 - 68ms
[2025-11-17T15:16:10.452Z] GET /api/donors/me/nearby-requests 304 - 114ms
[2025-11-17T15:16:10.457Z] GET /api/auth/me 304 - 40ms
[2025-11-17T15:16:10.483Z] GET /api/requests/mine 200 - 158ms
[2025-11-17T15:16:10.526Z] GET /api/donors/me/nearby-requests 304 - 63ms
[2025-11-17T15:16:10.574Z] GET /api/requests/mine 304 - 82ms
[2025-11-17T15:24:27.194Z] POST /api/auth/login 200 - 255ms
[2025-11-17T15:24:27.425Z] GET /api/requests/mine 200 - 96ms
[2025-11-17T15:24:27.541Z] GET /api/chat/691a0d83622ed06fee95c727 404 - 1ms
[2025-11-17T15:24:27.543Z] GET /api/chat/691a065a1a398d5cf36a146c 404 - 1ms
[2025-11-17T15:24:27.556Z] GET /api/chat/691a0d83622ed06fee95c727 404 - 1ms
[2025-11-17T15:24:27.558Z] GET /api/chat/691a065a1a398d5cf36a146c 404 - 1ms
[2025-11-17T15:24:27.589Z] GET /api/requests/mine 304 - 158ms
[2025-11-17T15:24:34.115Z] PATCH /api/admin/hospital/location 200 - 89ms
[2025-11-17T15:24:37.436Z] POST /api/chat/691a0d83622ed06fee95c727 404 - 1ms
[2025-11-17T15:24:39.338Z] POST /api/chat/691a0d83622ed06fee95c727 404 - 1ms
[2025-11-17T15:24:46.432Z] POST /api/chat/691a0d83622ed06fee95c727 404 - 4ms
[2025-11-17T15:24:46.879Z] POST /api/chat/691a0d83622ed06fee95c727 404 - 4ms
[2025-11-17T15:24:47.030Z] POST /api/chat/691a0d83622ed06fee95c727 404 - 3ms
[2025-11-17T15:24:47.203Z] POST /api/chat/691a0d83622ed06fee95c727 404 - 1ms
[2025-11-17T15:24:47.373Z] POST /api/chat/691a0d83622ed06fee95c727 404 - 1ms
[2025-11-17T15:24:47.592Z] POST /api/chat/691a0d83622ed06fee95c727 404 - 0ms
[2025-11-17T15:24:48.342Z] POST /api/chat/691a0d83622ed06fee95c727 404 - 1ms
[2025-11-17T15:24:48.520Z] POST /api/chat/691a0d83622ed06fee95c727 404 - 4ms
[2025-11-17T15:24:48.731Z] POST /api/chat/691a0d83622ed06fee95c727 404 - 1ms
[2025-11-17T15:28:42.790Z] POST /api/chat/691a0d83622ed06fee95c727 404 - 0ms
[2025-11-17T15:28:43.720Z] POST /api/chat/691a0d83622ed06fee95c727 404 - 2ms
[2025-11-17T15:28:45.058Z] PATCH /api/admin/hospital/location 200 - 80ms
[2025-11-17T15:28:52.008Z] POST /api/auth/login 200 - 233ms
[2025-11-17T15:28:52.136Z] GET /api/auth/me 304 - 17ms
[2025-11-17T15:28:52.186Z] GET /api/requests/mine 200 - 76ms
[2025-11-17T15:28:52.193Z] GET /api/auth/me 304 - 21ms
[2025-11-17T15:28:52.196Z] GET /api/donors/me/nearby-requests 304 - 71ms
[2025-11-17T15:28:52.238Z] GET /api/requests/mine 304 - 38ms
[2025-11-17T15:28:52.241Z] GET /api/donors/me/nearby-requests 304 - 34ms
[2025-11-17T15:28:52.295Z] GET /api/chat/691a065a1a398d5cf36a146c 404 - 1ms
[2025-11-17T15:28:52.302Z] GET /api/chat/691a065a1a398d5cf36a146c 404 - 3ms
[2025-11-17T15:28:58.606Z] PATCH /api/donors/me/location 200 - 97ms
[2025-11-17T15:29:06.248Z] POST /api/chat/691a065a1a398d5cf36a146c 404 - 0ms
[2025-11-17T15:29:08.238Z] POST /api/chat/691a065a1a398d5cf36a146c 404 - 1ms
[2025-11-17T15:29:15.464Z] POST /api/chat/691a065a1a398d5cf36a146c 404 - 1ms
[2025-11-17T15:29:34.681Z] PATCH /api/donors/me/location 200 - 31ms
[2025-11-17T15:29:45.108Z] PATCH /api/donors/me/location 200 - 61ms
[2025-11-17T15:35:12.464Z] GET /api/chat/691a065a1a398d5cf36a146c 404 - 6ms
[2025-11-17T15:35:31.429Z] GET /api/chat/691a065a1a398d5cf36a146c 404 - 2ms
[2025-11-17T15:36:37.806Z] POST /api/chat/691a065a1a398d5cf36a146c 404 - 4ms
[2025-11-17T15:36:38.819Z] POST /api/chat/691a065a1a398d5cf36a146c 404 - 2ms
[2025-11-17T15:36:39.170Z] POST /api/chat/691a065a1a398d5cf36a146c 404 - 1ms
[2025-11-17T15:36:39.396Z] POST /api/chat/691a065a1a398d5cf36a146c 404 - 1ms
[2025-11-17T15:36:39.847Z] PATCH /api/donors/me/location 200 - 140ms
[2025-11-17T15:36:47.822Z] POST /api/chat/691a065a1a398d5cf36a146c 404 - 1ms
[2025-11-17T15:36:47.971Z] POST /api/chat/691a065a1a398d5cf36a146c 404 - 3ms
[2025-11-17T15:36:48.191Z] POST /api/chat/691a065a1a398d5cf36a146c 404 - 1ms
